<?xml version="1.0" encoding="UTF-8"?>
<!-- Generated by org.testng.reporters.JUnitReportReporter -->
<testsuite skipped="0" hostname="BDC7A-L-341WHG3" name="org.kp.services.tests.testng" tests="4" failures="0" timestamp="2022-05-13T15:15:07 IST" time="0.012" errors="0">
  <testcase name="testMethodFour" time="0.009" classname="org.kp.services.tests.testng"/>
  <system-out/>
  <testcase name="testMethodTwo" time="0.001" classname="org.kp.services.tests.testng"/>
  <system-out/>
  <testcase name="testMethodThree" time="0.001" classname="org.kp.services.tests.testng"/>
  <system-out/>
  <testcase name="testMethodOne" time="0.001" classname="org.kp.services.tests.testng"/>
  <system-out/>
</testsuite> <!-- org.kp.services.tests.testng -->
