<?xml version="1.0" encoding="UTF-8"?>
<!-- Generated by org.testng.reporters.JUnitReportReporter -->
<testsuite skipped="0" hostname="BDC7A-L-341WHG3" name="org.kp.services.tests.TestRunner" tests="1" failures="0" timestamp="2022-05-13T17:49:46 IST" time="2.637" errors="0">
  <testcase name="testParallel" time="2.637" classname="org.kp.services.tests.TestRunner"/>
  <system-out/>
</testsuite> <!-- org.kp.services.tests.TestRunner -->
